[debug] [2020-10-07T20:11:08.306Z] ----------------------------------------------------------------------
[debug] [2020-10-07T20:11:08.308Z] Command:       D:\node_js\node.exe C:\Users\parag\AppData\Roaming\npm\node_modules\firebase-tools\lib\bin\firebase.js emulators:start
[debug] [2020-10-07T20:11:08.308Z] CLI Version:   8.11.0
[debug] [2020-10-07T20:11:08.308Z] Platform:      win32
[debug] [2020-10-07T20:11:08.308Z] Node Version:  v14.9.0
[debug] [2020-10-07T20:11:08.309Z] Time:          Wed Oct 07 2020 10:11:08 GMT-1000 (Hawaii-Aleutian Standard Time)
[debug] [2020-10-07T20:11:08.309Z] ----------------------------------------------------------------------
[debug] [2020-10-07T20:11:08.309Z] 
[debug] [2020-10-07T20:11:08.314Z] > command requires scopes: ["email","openid","https://www.googleapis.com/auth/cloudplatformprojects.readonly","https://www.googleapis.com/auth/firebase","https://www.googleapis.com/auth/cloud-platform"]
[debug] [2020-10-07T20:11:08.315Z] > authorizing via signed-in user
[info] i  emulators: Starting emulators: functions, hosting {"metadata":{"emulator":{"name":"hub"},"message":"Starting emulators: functions, hosting"}}
[warn] !  emulators: It seems that you are running multiple instances of the emulator suite for project challenge-aca94. This may result in unexpected behavior. 
[debug] [2020-10-07T20:11:08.331Z] [hub] writing locator at C:\Users\parag\AppData\Local\Temp\hub-challenge-aca94.json
[warn] !  functions: The following emulators are not running, calls to these services from the Functions emulator will affect production: auth, firestore, database, pubsub {"metadata":{"emulator":{"name":"functions"},"message":"The following emulators are not running, calls to these services from the Functions emulator will affect production: \u001b[1mauth, firestore, database, pubsub\u001b[22m"}}
[warn] !  Your requested "node" version "10" doesn't match your global version "14" {"metadata":{"emulator":{"name":"functions"},"message":"Your requested \"node\" version \"10\" doesn't match your global version \"14\""}}
[debug] [2020-10-07T20:11:08.356Z] defaultcredentials: writing to file C:\Users\parag\AppData\Roaming\firebase\paragoso90_gmail_com_application_default_credentials.json
[debug] [2020-10-07T20:11:08.360Z] Setting GAC to C:\Users\parag\AppData\Roaming\firebase\paragoso90_gmail_com_application_default_credentials.json {"metadata":{"emulator":{"name":"functions"},"message":"Setting GAC to C:\\Users\\parag\\AppData\\Roaming\\firebase\\paragoso90_gmail_com_application_default_credentials.json"}}
[debug] [2020-10-07T20:11:08.368Z] >>> HTTP REQUEST GET https://firebase.googleapis.com/v1beta1/projects/challenge-aca94/webApps/-/config  
 
[debug] [2020-10-07T20:11:08.983Z] <<< HTTP RESPONSE 200 {"content-type":"application/json; charset=UTF-8","vary":"X-Origin, Referer, Origin,Accept-Encoding","date":"Wed, 07 Oct 2020 20:11:10 GMT","server":"ESF","cache-control":"private","x-xss-protection":"0","x-frame-options":"SAMEORIGIN","x-content-type-options":"nosniff","alt-svc":"h3-Q050=\":443\"; ma=2592000,h3-29=\":443\"; ma=2592000,h3-27=\":443\"; ma=2592000,h3-T051=\":443\"; ma=2592000,h3-T050=\":443\"; ma=2592000,h3-Q046=\":443\"; ma=2592000,h3-Q043=\":443\"; ma=2592000,quic=\":443\"; ma=2592000; v=\"46,43\"","accept-ranges":"none","transfer-encoding":"chunked"}
[info] i  hosting: Serving hosting files from: build {"metadata":{"emulator":{"name":"hosting"},"message":"Serving hosting files from: \u001b[1mbuild\u001b[22m"}}
[info] +  hosting: Local server: http://localhost:5000 {"metadata":{"emulator":{"name":"hosting"},"message":"Local server: \u001b[4m\u001b[1mhttp://localhost:5000\u001b[22m\u001b[24m"}}
[warn] !  ui: Emulator UI unable to start on port 4000, starting on 4001 instead. {"metadata":{"emulator":{"name":"ui"},"message":"Emulator UI unable to start on port 4000, starting on 4001 instead."}}
[debug] [2020-10-07T20:11:09.018Z] Ignoring unsupported arg: auto_download {"metadata":{"emulator":{"name":"ui"},"message":"Ignoring unsupported arg: auto_download"}}
[debug] [2020-10-07T20:11:09.018Z] Ignoring unsupported arg: port {"metadata":{"emulator":{"name":"ui"},"message":"Ignoring unsupported arg: port"}}
[debug] [2020-10-07T20:11:09.018Z] Starting Emulator UI with command {"binary":"node","args":["C:\\Users\\parag\\.cache\\firebase\\emulators\\ui-v1.1.1\\server.bundle.js"],"optionalArgs":[],"joinArgs":false} {"metadata":{"emulator":{"name":"ui"},"message":"Starting Emulator UI with command {\"binary\":\"node\",\"args\":[\"C:\\\\Users\\\\parag\\\\.cache\\\\firebase\\\\emulators\\\\ui-v1.1.1\\\\server.bundle.js\"],\"optionalArgs\":[],\"joinArgs\":false}"}}
[info] i  ui: Emulator UI logging to ui-debug.log {"metadata":{"emulator":{"name":"ui"},"message":"Emulator UI logging to \u001b[1mui-debug.log\u001b[22m"}}
[debug] [2020-10-07T20:11:09.096Z] Web / API server started at http://localhost:4001
 {"metadata":{"emulator":{"name":"ui"},"message":"Web / API server started at http://localhost:4001\n"}}
[info] i  functions: Watching "C:\Users\parag\Desktop\amazon-clone\functions" for Cloud Functions... {"metadata":{"emulator":{"name":"functions"},"message":"Watching \"C:\\Users\\parag\\Desktop\\amazon-clone\\functions\" for Cloud Functions..."}}
[debug] [2020-10-07T20:11:09.290Z] [worker-pool] addWorker(~diagnostic~) {"metadata":{"emulator":{"name":"functions"},"message":"[worker-pool] addWorker(~diagnostic~)"}}
[debug] [2020-10-07T20:11:09.290Z] [worker-pool] Adding worker with key ~diagnostic~, total=1 {"metadata":{"emulator":{"name":"functions"},"message":"[worker-pool] Adding worker with key ~diagnostic~, total=1"}}
[debug] [2020-10-07T20:11:09.291Z] [worker-pool] submitWork(triggerId=) {"metadata":{"emulator":{"name":"functions"},"message":"[worker-pool] submitWork(triggerId=)"}}
[debug] [2020-10-07T20:11:09.291Z] [worker-~diagnostic~-8a3b75d7-29e0-4926-90a3-c848705ac8a9]: Assigning socketPath: \\?\pipe\C:\Users\parag\Desktop\amazon-clone\functions\14264 {"metadata":{"emulator":{"name":"functions"},"message":"[worker-~diagnostic~-8a3b75d7-29e0-4926-90a3-c848705ac8a9]: Assigning socketPath: \\\\?\\pipe\\C:\\Users\\parag\\Desktop\\amazon-clone\\functions\\14264"}}
[debug] [2020-10-07T20:11:09.291Z] [worker-~diagnostic~-8a3b75d7-29e0-4926-90a3-c848705ac8a9]: BUSY {"metadata":{"emulator":{"name":"functions"},"message":"[worker-~diagnostic~-8a3b75d7-29e0-4926-90a3-c848705ac8a9]: BUSY"}}
[debug] [2020-10-07T20:11:09.574Z] [runtime-status] [14264] Functions runtime initialized. {"cwd":"C:\\Users\\parag\\Desktop\\amazon-clone\\functions","node_version":"14.9.0"} {"metadata":{"emulator":{"name":"functions"},"message":"[runtime-status] [14264] Functions runtime initialized. {\"cwd\":\"C:\\\\Users\\\\parag\\\\Desktop\\\\amazon-clone\\\\functions\",\"node_version\":\"14.9.0\"}"}}
[debug] [2020-10-07T20:11:09.575Z] [runtime-status] [14264] Disabled runtime features: undefined {"metadata":{"emulator":{"name":"functions"},"message":"[runtime-status] [14264] Disabled runtime features: undefined"}}
[debug] [2020-10-07T20:11:09.577Z] [runtime-status] [14264] Resolved module firebase-admin {"declared":true,"installed":true,"version":"8.13.0","resolution":"C:\\Users\\parag\\Desktop\\amazon-clone\\functions\\node_modules\\firebase-admin\\lib\\index.js"} {"metadata":{"emulator":{"name":"functions"},"message":"[runtime-status] [14264] Resolved module firebase-admin {\"declared\":true,\"installed\":true,\"version\":\"8.13.0\",\"resolution\":\"C:\\\\Users\\\\parag\\\\Desktop\\\\amazon-clone\\\\functions\\\\node_modules\\\\firebase-admin\\\\lib\\\\index.js\"}"}}
[debug] [2020-10-07T20:11:09.578Z] [runtime-status] [14264] Resolved module firebase-functions {"declared":true,"installed":true,"version":"3.11.0","resolution":"C:\\Users\\parag\\Desktop\\amazon-clone\\functions\\node_modules\\firebase-functions\\lib\\index.js"} {"metadata":{"emulator":{"name":"functions"},"message":"[runtime-status] [14264] Resolved module firebase-functions {\"declared\":true,\"installed\":true,\"version\":\"3.11.0\",\"resolution\":\"C:\\\\Users\\\\parag\\\\Desktop\\\\amazon-clone\\\\functions\\\\node_modules\\\\firebase-functions\\\\lib\\\\index.js\"}"}}
[debug] [2020-10-07T20:11:09.579Z] [runtime-status] [14264] Resolved module firebase-functions {"declared":true,"installed":true,"version":"3.11.0","resolution":"C:\\Users\\parag\\Desktop\\amazon-clone\\functions\\node_modules\\firebase-functions\\lib\\index.js"} {"metadata":{"emulator":{"name":"functions"},"message":"[runtime-status] [14264] Resolved module firebase-functions {\"declared\":true,\"installed\":true,\"version\":\"3.11.0\",\"resolution\":\"C:\\\\Users\\\\parag\\\\Desktop\\\\amazon-clone\\\\functions\\\\node_modules\\\\firebase-functions\\\\lib\\\\index.js\"}"}}
[debug] [2020-10-07T20:11:09.581Z] [runtime-status] [14264] Outgoing network have been stubbed. [{"name":"http","status":"mocked"},{"name":"http","status":"mocked"},{"name":"https","status":"mocked"},{"name":"https","status":"mocked"},{"name":"net","status":"mocked"}] {"metadata":{"emulator":{"name":"functions"},"message":"[runtime-status] [14264] Outgoing network have been stubbed. [{\"name\":\"http\",\"status\":\"mocked\"},{\"name\":\"http\",\"status\":\"mocked\"},{\"name\":\"https\",\"status\":\"mocked\"},{\"name\":\"https\",\"status\":\"mocked\"},{\"name\":\"net\",\"status\":\"mocked\"}]"}}
[debug] [2020-10-07T20:11:09.581Z] [runtime-status] [14264] Resolved module firebase-functions {"declared":true,"installed":true,"version":"3.11.0","resolution":"C:\\Users\\parag\\Desktop\\amazon-clone\\functions\\node_modules\\firebase-functions\\lib\\index.js"} {"metadata":{"emulator":{"name":"functions"},"message":"[runtime-status] [14264] Resolved module firebase-functions {\"declared\":true,\"installed\":true,\"version\":\"3.11.0\",\"resolution\":\"C:\\\\Users\\\\parag\\\\Desktop\\\\amazon-clone\\\\functions\\\\node_modules\\\\firebase-functions\\\\lib\\\\index.js\"}"}}
[debug] [2020-10-07T20:11:09.615Z] [runtime-status] [14264] Checked functions.config() {"config":{}} {"metadata":{"emulator":{"name":"functions"},"message":"[runtime-status] [14264] Checked functions.config() {\"config\":{}}"}}
[debug] [2020-10-07T20:11:09.616Z] [runtime-status] [14264] firebase-functions has been stubbed. {"functionsResolution":{"declared":true,"installed":true,"version":"3.11.0","resolution":"C:\\Users\\parag\\Desktop\\amazon-clone\\functions\\node_modules\\firebase-functions\\lib\\index.js"}} {"metadata":{"emulator":{"name":"functions"},"message":"[runtime-status] [14264] firebase-functions has been stubbed. {\"functionsResolution\":{\"declared\":true,\"installed\":true,\"version\":\"3.11.0\",\"resolution\":\"C:\\\\Users\\\\parag\\\\Desktop\\\\amazon-clone\\\\functions\\\\node_modules\\\\firebase-functions\\\\lib\\\\index.js\"}}"}}
[debug] [2020-10-07T20:11:09.616Z] [runtime-status] [14264] Resolved module firebase-functions {"declared":true,"installed":true,"version":"3.11.0","resolution":"C:\\Users\\parag\\Desktop\\amazon-clone\\functions\\node_modules\\firebase-functions\\lib\\index.js"} {"metadata":{"emulator":{"name":"functions"},"message":"[runtime-status] [14264] Resolved module firebase-functions {\"declared\":true,\"installed\":true,\"version\":\"3.11.0\",\"resolution\":\"C:\\\\Users\\\\parag\\\\Desktop\\\\amazon-clone\\\\functions\\\\node_modules\\\\firebase-functions\\\\lib\\\\index.js\"}"}}
[debug] [2020-10-07T20:11:09.617Z] [runtime-status] [14264] Resolved module firebase-admin {"declared":true,"installed":true,"version":"8.13.0","resolution":"C:\\Users\\parag\\Desktop\\amazon-clone\\functions\\node_modules\\firebase-admin\\lib\\index.js"} {"metadata":{"emulator":{"name":"functions"},"message":"[runtime-status] [14264] Resolved module firebase-admin {\"declared\":true,\"installed\":true,\"version\":\"8.13.0\",\"resolution\":\"C:\\\\Users\\\\parag\\\\Desktop\\\\amazon-clone\\\\functions\\\\node_modules\\\\firebase-admin\\\\lib\\\\index.js\"}"}}
[debug] [2020-10-07T20:11:09.617Z] [runtime-status] [14264] Resolved module firebase-functions {"declared":true,"installed":true,"version":"3.11.0","resolution":"C:\\Users\\parag\\Desktop\\amazon-clone\\functions\\node_modules\\firebase-functions\\lib\\index.js"} {"metadata":{"emulator":{"name":"functions"},"message":"[runtime-status] [14264] Resolved module firebase-functions {\"declared\":true,\"installed\":true,\"version\":\"3.11.0\",\"resolution\":\"C:\\\\Users\\\\parag\\\\Desktop\\\\amazon-clone\\\\functions\\\\node_modules\\\\firebase-functions\\\\lib\\\\index.js\"}"}}
[debug] [2020-10-07T20:11:09.618Z] [runtime-status] [14264] firebase-admin has been stubbed. {"adminResolution":{"declared":true,"installed":true,"version":"8.13.0","resolution":"C:\\Users\\parag\\Desktop\\amazon-clone\\functions\\node_modules\\firebase-admin\\lib\\index.js"}} {"metadata":{"emulator":{"name":"functions"},"message":"[runtime-status] [14264] firebase-admin has been stubbed. {\"adminResolution\":{\"declared\":true,\"installed\":true,\"version\":\"8.13.0\",\"resolution\":\"C:\\\\Users\\\\parag\\\\Desktop\\\\amazon-clone\\\\functions\\\\node_modules\\\\firebase-admin\\\\lib\\\\index.js\"}}"}}
[info] +  functions[api]: http function initialized (http://localhost:5001/challenge-aca94/us-central1/api). {"metadata":{"emulator":{"name":"functions"},"message":"\u001b[1mhttp\u001b[22m function initialized (http://localhost:5001/challenge-aca94/us-central1/api)."}}
[info] 
┌───────────────────────────────────────────────────────────────────────┐
│ ✔  All emulators ready! View status and logs at http://localhost:4001 │
└───────────────────────────────────────────────────────────────────────┘

┌───────────┬────────────────┬─────────────────────────────────┐
│ Emulator  │ Host:Port      │ View in Emulator UI             │
├───────────┼────────────────┼─────────────────────────────────┤
│ Functions │ localhost:5001 │ http://localhost:4001/functions │
├───────────┼────────────────┼─────────────────────────────────┤
│ Hosting   │ localhost:5000 │ n/a                             │
└───────────┴────────────────┴─────────────────────────────────┘
  Other reserved ports: 4400, 4500

Issues? Report them at https://github.com/firebase/firebase-tools/issues and attach the *-debug.log files.
 
[debug] [2020-10-07T20:11:09.767Z] [worker-~diagnostic~-8a3b75d7-29e0-4926-90a3-c848705ac8a9]: IDLE {"metadata":{"emulator":{"name":"functions"},"message":"[worker-~diagnostic~-8a3b75d7-29e0-4926-90a3-c848705ac8a9]: IDLE"}}
[debug] [2020-10-07T20:11:39.795Z] [work-queue] {"queueLength":1,"workRunningCount":0}
[debug] [2020-10-07T20:11:39.796Z] [work-queue] {"queueLength":0,"workRunningCount":1}
[debug] [2020-10-07T20:11:39.796Z] Accepted request POST /challenge-aca94/us-central1/api/payments/create?total=215994 --> api
[debug] [2020-10-07T20:11:39.799Z] [worker-pool] addWorker(api) {"metadata":{"emulator":{"name":"functions"},"message":"[worker-pool] addWorker(api)"}}
[debug] [2020-10-07T20:11:39.800Z] [worker-pool] Adding worker with key api, total=1 {"metadata":{"emulator":{"name":"functions"},"message":"[worker-pool] Adding worker with key api, total=1"}}
[debug] [2020-10-07T20:11:39.800Z] [worker-pool] submitWork(triggerId=api) {"metadata":{"emulator":{"name":"functions"},"message":"[worker-pool] submitWork(triggerId=api)"}}
[debug] [2020-10-07T20:11:39.800Z] [worker-api-08d4a2d6-3e83-49b1-8b37-b92906d56b66]: Assigning socketPath: \\?\pipe\C:\Users\parag\Desktop\amazon-clone\functions\2140 {"metadata":{"emulator":{"name":"functions"},"message":"[worker-api-08d4a2d6-3e83-49b1-8b37-b92906d56b66]: Assigning socketPath: \\\\?\\pipe\\C:\\Users\\parag\\Desktop\\amazon-clone\\functions\\2140"}}
[debug] [2020-10-07T20:11:39.800Z] [worker-api-08d4a2d6-3e83-49b1-8b37-b92906d56b66]: BUSY {"metadata":{"emulator":{"name":"functions"},"message":"[worker-api-08d4a2d6-3e83-49b1-8b37-b92906d56b66]: BUSY"}}
[debug] [2020-10-07T20:11:40.083Z] [runtime-status] [2140] Functions runtime initialized. {"cwd":"C:\\Users\\parag\\Desktop\\amazon-clone\\functions","node_version":"14.9.0"} {"metadata":{"emulator":{"name":"functions"},"function":{"name":"api"},"message":"[runtime-status] [2140] Functions runtime initialized. {\"cwd\":\"C:\\\\Users\\\\parag\\\\Desktop\\\\amazon-clone\\\\functions\",\"node_version\":\"14.9.0\"}"}}
[debug] [2020-10-07T20:11:40.085Z] [runtime-status] [2140] Disabled runtime features: undefined {"metadata":{"emulator":{"name":"functions"},"function":{"name":"api"},"message":"[runtime-status] [2140] Disabled runtime features: undefined"}}
[debug] [2020-10-07T20:11:40.087Z] [runtime-status] [2140] Resolved module firebase-admin {"declared":true,"installed":true,"version":"8.13.0","resolution":"C:\\Users\\parag\\Desktop\\amazon-clone\\functions\\node_modules\\firebase-admin\\lib\\index.js"} {"metadata":{"emulator":{"name":"functions"},"function":{"name":"api"},"message":"[runtime-status] [2140] Resolved module firebase-admin {\"declared\":true,\"installed\":true,\"version\":\"8.13.0\",\"resolution\":\"C:\\\\Users\\\\parag\\\\Desktop\\\\amazon-clone\\\\functions\\\\node_modules\\\\firebase-admin\\\\lib\\\\index.js\"}"}}
[debug] [2020-10-07T20:11:40.088Z] [runtime-status] [2140] Resolved module firebase-functions {"declared":true,"installed":true,"version":"3.11.0","resolution":"C:\\Users\\parag\\Desktop\\amazon-clone\\functions\\node_modules\\firebase-functions\\lib\\index.js"} {"metadata":{"emulator":{"name":"functions"},"function":{"name":"api"},"message":"[runtime-status] [2140] Resolved module firebase-functions {\"declared\":true,\"installed\":true,\"version\":\"3.11.0\",\"resolution\":\"C:\\\\Users\\\\parag\\\\Desktop\\\\amazon-clone\\\\functions\\\\node_modules\\\\firebase-functions\\\\lib\\\\index.js\"}"}}
[debug] [2020-10-07T20:11:40.089Z] [runtime-status] [2140] Resolved module firebase-functions {"declared":true,"installed":true,"version":"3.11.0","resolution":"C:\\Users\\parag\\Desktop\\amazon-clone\\functions\\node_modules\\firebase-functions\\lib\\index.js"} {"metadata":{"emulator":{"name":"functions"},"function":{"name":"api"},"message":"[runtime-status] [2140] Resolved module firebase-functions {\"declared\":true,\"installed\":true,\"version\":\"3.11.0\",\"resolution\":\"C:\\\\Users\\\\parag\\\\Desktop\\\\amazon-clone\\\\functions\\\\node_modules\\\\firebase-functions\\\\lib\\\\index.js\"}"}}
[debug] [2020-10-07T20:11:40.091Z] [runtime-status] [2140] Outgoing network have been stubbed. [{"name":"http","status":"mocked"},{"name":"http","status":"mocked"},{"name":"https","status":"mocked"},{"name":"https","status":"mocked"},{"name":"net","status":"mocked"}] {"metadata":{"emulator":{"name":"functions"},"function":{"name":"api"},"message":"[runtime-status] [2140] Outgoing network have been stubbed. [{\"name\":\"http\",\"status\":\"mocked\"},{\"name\":\"http\",\"status\":\"mocked\"},{\"name\":\"https\",\"status\":\"mocked\"},{\"name\":\"https\",\"status\":\"mocked\"},{\"name\":\"net\",\"status\":\"mocked\"}]"}}
[debug] [2020-10-07T20:11:40.091Z] [runtime-status] [2140] Resolved module firebase-functions {"declared":true,"installed":true,"version":"3.11.0","resolution":"C:\\Users\\parag\\Desktop\\amazon-clone\\functions\\node_modules\\firebase-functions\\lib\\index.js"} {"metadata":{"emulator":{"name":"functions"},"function":{"name":"api"},"message":"[runtime-status] [2140] Resolved module firebase-functions {\"declared\":true,\"installed\":true,\"version\":\"3.11.0\",\"resolution\":\"C:\\\\Users\\\\parag\\\\Desktop\\\\amazon-clone\\\\functions\\\\node_modules\\\\firebase-functions\\\\lib\\\\index.js\"}"}}
[debug] [2020-10-07T20:11:40.125Z] [runtime-status] [2140] Checked functions.config() {"config":{}} {"metadata":{"emulator":{"name":"functions"},"function":{"name":"api"},"message":"[runtime-status] [2140] Checked functions.config() {\"config\":{}}"}}
[debug] [2020-10-07T20:11:40.125Z] [runtime-status] [2140] firebase-functions has been stubbed. {"functionsResolution":{"declared":true,"installed":true,"version":"3.11.0","resolution":"C:\\Users\\parag\\Desktop\\amazon-clone\\functions\\node_modules\\firebase-functions\\lib\\index.js"}} {"metadata":{"emulator":{"name":"functions"},"function":{"name":"api"},"message":"[runtime-status] [2140] firebase-functions has been stubbed. {\"functionsResolution\":{\"declared\":true,\"installed\":true,\"version\":\"3.11.0\",\"resolution\":\"C:\\\\Users\\\\parag\\\\Desktop\\\\amazon-clone\\\\functions\\\\node_modules\\\\firebase-functions\\\\lib\\\\index.js\"}}"}}
[debug] [2020-10-07T20:11:40.125Z] [runtime-status] [2140] Resolved module firebase-functions {"declared":true,"installed":true,"version":"3.11.0","resolution":"C:\\Users\\parag\\Desktop\\amazon-clone\\functions\\node_modules\\firebase-functions\\lib\\index.js"} {"metadata":{"emulator":{"name":"functions"},"function":{"name":"api"},"message":"[runtime-status] [2140] Resolved module firebase-functions {\"declared\":true,\"installed\":true,\"version\":\"3.11.0\",\"resolution\":\"C:\\\\Users\\\\parag\\\\Desktop\\\\amazon-clone\\\\functions\\\\node_modules\\\\firebase-functions\\\\lib\\\\index.js\"}"}}
[debug] [2020-10-07T20:11:40.126Z] [runtime-status] [2140] Resolved module firebase-admin {"declared":true,"installed":true,"version":"8.13.0","resolution":"C:\\Users\\parag\\Desktop\\amazon-clone\\functions\\node_modules\\firebase-admin\\lib\\index.js"} {"metadata":{"emulator":{"name":"functions"},"function":{"name":"api"},"message":"[runtime-status] [2140] Resolved module firebase-admin {\"declared\":true,\"installed\":true,\"version\":\"8.13.0\",\"resolution\":\"C:\\\\Users\\\\parag\\\\Desktop\\\\amazon-clone\\\\functions\\\\node_modules\\\\firebase-admin\\\\lib\\\\index.js\"}"}}
[debug] [2020-10-07T20:11:40.126Z] [runtime-status] [2140] Resolved module firebase-functions {"declared":true,"installed":true,"version":"3.11.0","resolution":"C:\\Users\\parag\\Desktop\\amazon-clone\\functions\\node_modules\\firebase-functions\\lib\\index.js"} {"metadata":{"emulator":{"name":"functions"},"function":{"name":"api"},"message":"[runtime-status] [2140] Resolved module firebase-functions {\"declared\":true,\"installed\":true,\"version\":\"3.11.0\",\"resolution\":\"C:\\\\Users\\\\parag\\\\Desktop\\\\amazon-clone\\\\functions\\\\node_modules\\\\firebase-functions\\\\lib\\\\index.js\"}"}}
[debug] [2020-10-07T20:11:40.127Z] [runtime-status] [2140] firebase-admin has been stubbed. {"adminResolution":{"declared":true,"installed":true,"version":"8.13.0","resolution":"C:\\Users\\parag\\Desktop\\amazon-clone\\functions\\node_modules\\firebase-admin\\lib\\index.js"}} {"metadata":{"emulator":{"name":"functions"},"function":{"name":"api"},"message":"[runtime-status] [2140] firebase-admin has been stubbed. {\"adminResolution\":{\"declared\":true,\"installed\":true,\"version\":\"8.13.0\",\"resolution\":\"C:\\\\Users\\\\parag\\\\Desktop\\\\amazon-clone\\\\functions\\\\node_modules\\\\firebase-admin\\\\lib\\\\index.js\"}}"}}
[debug] [2020-10-07T20:11:40.240Z] [runtime-status] [2140] Trigger "api" has been found, beginning invocation! {"metadata":{"emulator":{"name":"functions"},"function":{"name":"api"},"message":"[runtime-status] [2140] Trigger \"api\" has been found, beginning invocation!"}}
[info] i  functions: Beginning execution of "api" {"metadata":{"emulator":{"name":"functions"},"function":{"name":"api"},"message":"Beginning execution of \"api\""}}
[debug] [2020-10-07T20:11:40.241Z] [runtime-status] [2140] triggerDefinition {"httpsTrigger":{},"name":"api","entryPoint":"api"} {"metadata":{"emulator":{"name":"functions"},"function":{"name":"api"},"message":"[runtime-status] [2140] triggerDefinition {\"httpsTrigger\":{},\"name\":\"api\",\"entryPoint\":\"api\"}"}}
[debug] [2020-10-07T20:11:40.241Z] [runtime-status] [2140] Running api in mode HTTPS {"metadata":{"emulator":{"name":"functions"},"function":{"name":"api"},"message":"[runtime-status] [2140] Running api in mode HTTPS"}}
[debug] [2020-10-07T20:11:40.244Z] [runtime-status] [2140] Attempting to listen to socketPath: \\?\pipe\C:\Users\parag\Desktop\amazon-clone\functions\2140 {"metadata":{"emulator":{"name":"functions"},"function":{"name":"api"},"message":"[runtime-status] [2140] Attempting to listen to socketPath: \\\\?\\pipe\\C:\\Users\\parag\\Desktop\\amazon-clone\\functions\\2140"}}
[debug] [2020-10-07T20:11:40.246Z] [functions] Runtime ready! Sending request! {"metadata":{"emulator":{"name":"functions"},"message":"[functions] Runtime ready! Sending request!"}}
[debug] [2020-10-07T20:11:40.251Z] [runtime-status] [2140] Ephemeral server handling POST request {"metadata":{"emulator":{"name":"functions"},"function":{"name":"api"},"message":"[runtime-status] [2140] Ephemeral server handling POST request"}}
[info] >  Payment Request Received for >>>  215994 {"user":"Payment Request Received for >>>  215994","metadata":{"emulator":{"name":"functions"},"function":{"name":"api"},"message":"\u001b[90m> \u001b[39m Payment Request Received for >>>  215994"}}
[debug] [2020-10-07T20:11:40.259Z] [runtime-status] [2140] Ephemeral server survived. {"metadata":{"emulator":{"name":"functions"},"function":{"name":"api"},"message":"[runtime-status] [2140] Ephemeral server survived."}}
[info] i  functions: Finished "api" in ~1s {"metadata":{"emulator":{"name":"functions"},"function":{"name":"api"},"message":"Finished \"api\" in ~1s"}}
[debug] [2020-10-07T20:11:40.954Z] [worker-api-08d4a2d6-3e83-49b1-8b37-b92906d56b66]: IDLE {"metadata":{"emulator":{"name":"functions"},"message":"[worker-api-08d4a2d6-3e83-49b1-8b37-b92906d56b66]: IDLE"}}
[debug] [2020-10-07T20:11:40.954Z] [work-queue] {"queueLength":0,"workRunningCount":0}
[debug] [2020-10-07T20:11:51.100Z] [work-queue] {"queueLength":1,"workRunningCount":0}
[debug] [2020-10-07T20:11:51.100Z] [work-queue] {"queueLength":0,"workRunningCount":1}
[debug] [2020-10-07T20:11:51.100Z] Accepted request POST /challenge-aca94/us-central1/api/payments/create?total=0 --> api
[debug] [2020-10-07T20:11:51.100Z] [worker-pool] submitWork(triggerId=api) {"metadata":{"emulator":{"name":"functions"},"message":"[worker-pool] submitWork(triggerId=api)"}}
[debug] [2020-10-07T20:11:51.100Z] [worker-api-08d4a2d6-3e83-49b1-8b37-b92906d56b66]: Assigning socketPath: \\?\pipe\C:\Users\parag\Desktop\amazon-clone\functions\2140 {"metadata":{"emulator":{"name":"functions"},"message":"[worker-api-08d4a2d6-3e83-49b1-8b37-b92906d56b66]: Assigning socketPath: \\\\?\\pipe\\C:\\Users\\parag\\Desktop\\amazon-clone\\functions\\2140"}}
[debug] [2020-10-07T20:11:51.100Z] [worker-api-08d4a2d6-3e83-49b1-8b37-b92906d56b66]: BUSY {"metadata":{"emulator":{"name":"functions"},"message":"[worker-api-08d4a2d6-3e83-49b1-8b37-b92906d56b66]: BUSY"}}
[debug] [2020-10-07T20:11:51.101Z] [runtime-status] [2140] Trigger "api" has been found, beginning invocation! {"metadata":{"emulator":{"name":"functions"},"function":{"name":"api"},"message":"[runtime-status] [2140] Trigger \"api\" has been found, beginning invocation!"}}
[info] i  functions: Beginning execution of "api" {"metadata":{"emulator":{"name":"functions"},"function":{"name":"api"},"message":"Beginning execution of \"api\""}}
[debug] [2020-10-07T20:11:51.102Z] [runtime-status] [2140] triggerDefinition {"httpsTrigger":{},"name":"api","entryPoint":"api"} {"metadata":{"emulator":{"name":"functions"},"function":{"name":"api"},"message":"[runtime-status] [2140] triggerDefinition {\"httpsTrigger\":{},\"name\":\"api\",\"entryPoint\":\"api\"}"}}
[debug] [2020-10-07T20:11:51.103Z] [runtime-status] [2140] Running api in mode HTTPS {"metadata":{"emulator":{"name":"functions"},"function":{"name":"api"},"message":"[runtime-status] [2140] Running api in mode HTTPS"}}
[debug] [2020-10-07T20:11:51.104Z] [runtime-status] [2140] Attempting to listen to socketPath: \\?\pipe\C:\Users\parag\Desktop\amazon-clone\functions\2140 {"metadata":{"emulator":{"name":"functions"},"function":{"name":"api"},"message":"[runtime-status] [2140] Attempting to listen to socketPath: \\\\?\\pipe\\C:\\Users\\parag\\Desktop\\amazon-clone\\functions\\2140"}}
[debug] [2020-10-07T20:11:51.104Z] [functions] Runtime ready! Sending request! {"metadata":{"emulator":{"name":"functions"},"message":"[functions] Runtime ready! Sending request!"}}
[debug] [2020-10-07T20:11:51.106Z] [runtime-status] [2140] Ephemeral server handling POST request {"metadata":{"emulator":{"name":"functions"},"function":{"name":"api"},"message":"[runtime-status] [2140] Ephemeral server handling POST request"}}
[info] >  Payment Request Received for >>>  0 {"user":"Payment Request Received for >>>  0","metadata":{"emulator":{"name":"functions"},"function":{"name":"api"},"message":"\u001b[90m> \u001b[39m Payment Request Received for >>>  0"}}
[debug] [2020-10-07T20:11:51.108Z] [runtime-status] [2140] Ephemeral server survived. {"metadata":{"emulator":{"name":"functions"},"function":{"name":"api"},"message":"[runtime-status] [2140] Ephemeral server survived."}}
[info] >  (node:2140) UnhandledPromiseRejectionWarning: Error: This value must be greater than or equal to 1. {"user":"(node:2140) UnhandledPromiseRejectionWarning: Error: This value must be greater than or equal to 1.","metadata":{"emulator":{"name":"functions"},"function":{"name":"api"},"message":"\u001b[90m> \u001b[39m (node:2140) UnhandledPromiseRejectionWarning: Error: This value must be greater than or equal to 1."}}
[info] >      at Function.generate (C:\Users\parag\Desktop\amazon-clone\functions\node_modules\stripe\lib\Error.js:39:16) {"user":"    at Function.generate (C:\\Users\\parag\\Desktop\\amazon-clone\\functions\\node_modules\\stripe\\lib\\Error.js:39:16)","metadata":{"emulator":{"name":"functions"},"function":{"name":"api"},"message":"\u001b[90m> \u001b[39m     at Function.generate (C:\\Users\\parag\\Desktop\\amazon-clone\\functions\\node_modules\\stripe\\lib\\Error.js:39:16)"}}
[info] >      at IncomingMessage.<anonymous> (C:\Users\parag\Desktop\amazon-clone\functions\node_modules\stripe\lib\StripeResource.js:190:33) {"user":"    at IncomingMessage.<anonymous> (C:\\Users\\parag\\Desktop\\amazon-clone\\functions\\node_modules\\stripe\\lib\\StripeResource.js:190:33)","metadata":{"emulator":{"name":"functions"},"function":{"name":"api"},"message":"\u001b[90m> \u001b[39m     at IncomingMessage.<anonymous> (C:\\Users\\parag\\Desktop\\amazon-clone\\functions\\node_modules\\stripe\\lib\\StripeResource.js:190:33)"}}
[info] >      at Object.onceWrapper (events.js:420:28) {"user":"    at Object.onceWrapper (events.js:420:28)","metadata":{"emulator":{"name":"functions"},"function":{"name":"api"},"message":"\u001b[90m> \u001b[39m     at Object.onceWrapper (events.js:420:28)"}}
[info] >      at IncomingMessage.emit (events.js:326:22) {"user":"    at IncomingMessage.emit (events.js:326:22)","metadata":{"emulator":{"name":"functions"},"function":{"name":"api"},"message":"\u001b[90m> \u001b[39m     at IncomingMessage.emit (events.js:326:22)"}}
[info] >      at endReadableNT (_stream_readable.js:1244:12) {"user":"    at endReadableNT (_stream_readable.js:1244:12)","metadata":{"emulator":{"name":"functions"},"function":{"name":"api"},"message":"\u001b[90m> \u001b[39m     at endReadableNT (_stream_readable.js:1244:12)"}}
[info] >      at processTicksAndRejections (internal/process/task_queues.js:80:21) {"user":"    at processTicksAndRejections (internal/process/task_queues.js:80:21)","metadata":{"emulator":{"name":"functions"},"function":{"name":"api"},"message":"\u001b[90m> \u001b[39m     at processTicksAndRejections (internal/process/task_queues.js:80:21)"}}
[info] >  (Use `node --trace-warnings ...` to show where the warning was created) {"user":"(Use `node --trace-warnings ...` to show where the warning was created)","metadata":{"emulator":{"name":"functions"},"function":{"name":"api"},"message":"\u001b[90m> \u001b[39m (Use `node --trace-warnings ...` to show where the warning was created)"}}
[info] >  (node:2140) UnhandledPromiseRejectionWarning: Unhandled promise rejection. This error originated either by throwing inside of an async function without a catch block, or by rejecting a promise which was not handled with .catch(). To terminate the node process on unhandled promise rejection, use the CLI flag `--unhandled-rejections=strict` (see https://nodejs.org/api/cli.html#cli_unhandled_rejections_mode). (rejection id: 1) {"user":"(node:2140) UnhandledPromiseRejectionWarning: Unhandled promise rejection. This error originated either by throwing inside of an async function without a catch block, or by rejecting a promise which was not handled with .catch(). To terminate the node process on unhandled promise rejection, use the CLI flag `--unhandled-rejections=strict` (see https://nodejs.org/api/cli.html#cli_unhandled_rejections_mode). (rejection id: 1)","metadata":{"emulator":{"name":"functions"},"function":{"name":"api"},"message":"\u001b[90m> \u001b[39m (node:2140) UnhandledPromiseRejectionWarning: Unhandled promise rejection. This error originated either by throwing inside of an async function without a catch block, or by rejecting a promise which was not handled with .catch(). To terminate the node process on unhandled promise rejection, use the CLI flag `--unhandled-rejections=strict` (see https://nodejs.org/api/cli.html#cli_unhandled_rejections_mode). (rejection id: 1)"}}
[info] >  (node:2140) [DEP0018] DeprecationWarning: Unhandled promise rejections are deprecated. In the future, promise rejections that are not handled will terminate the Node.js process with a non-zero exit code. {"user":"(node:2140) [DEP0018] DeprecationWarning: Unhandled promise rejections are deprecated. In the future, promise rejections that are not handled will terminate the Node.js process with a non-zero exit code.","metadata":{"emulator":{"name":"functions"},"function":{"name":"api"},"message":"\u001b[90m> \u001b[39m (node:2140) [DEP0018] DeprecationWarning: Unhandled promise rejections are deprecated. In the future, promise rejections that are not handled will terminate the Node.js process with a non-zero exit code."}}
[warn] !  functions: Your function timed out after ~60s. To configure this timeout, see
      https://firebase.google.com/docs/functions/manage-functions#set_timeout_and_memory_allocation. {"metadata":{"emulator":{"name":"functions"},"function":{"name":"api"},"message":"Your function timed out after ~60s. To configure this timeout, see\n      https://firebase.google.com/docs/functions/manage-functions#set_timeout_and_memory_allocation."}}
[info] >  C:\Users\parag\AppData\Roaming\npm\node_modules\firebase-tools\lib\emulator\functionsEmulatorRuntime.js:642 {"user":"C:\\Users\\parag\\AppData\\Roaming\\npm\\node_modules\\firebase-tools\\lib\\emulator\\functionsEmulatorRuntime.js:642\r","metadata":{"emulator":{"name":"functions"},"function":{"name":"api"},"message":"\u001b[90m> \u001b[39m C:\\Users\\parag\\AppData\\Roaming\\npm\\node_modules\\firebase-tools\\lib\\emulator\\functionsEmulatorRuntime.js:642\r"}}
[info] >                  throw new Error("Function timed out."); {"user":"                throw new Error(\"Function timed out.\");\r","metadata":{"emulator":{"name":"functions"},"function":{"name":"api"},"message":"\u001b[90m> \u001b[39m                 throw new Error(\"Function timed out.\");\r"}}
[info] >                  ^ {"user":"                ^\r","metadata":{"emulator":{"name":"functions"},"function":{"name":"api"},"message":"\u001b[90m> \u001b[39m                 ^\r"}}
[info] >   {"user":"\r","metadata":{"emulator":{"name":"functions"},"function":{"name":"api"},"message":"\u001b[90m> \u001b[39m \r"}}
[info] >  Error: Function timed out. {"user":"Error: Function timed out.\r","metadata":{"emulator":{"name":"functions"},"function":{"name":"api"},"message":"\u001b[90m> \u001b[39m Error: Function timed out.\r"}}
[info] >      at Timeout._onTimeout (C:\Users\parag\AppData\Roaming\npm\node_modules\firebase-tools\lib\emulator\functionsEmulatorRuntime.js:642:23) {"user":"    at Timeout._onTimeout (C:\\Users\\parag\\AppData\\Roaming\\npm\\node_modules\\firebase-tools\\lib\\emulator\\functionsEmulatorRuntime.js:642:23)\r","metadata":{"emulator":{"name":"functions"},"function":{"name":"api"},"message":"\u001b[90m> \u001b[39m     at Timeout._onTimeout (C:\\Users\\parag\\AppData\\Roaming\\npm\\node_modules\\firebase-tools\\lib\\emulator\\functionsEmulatorRuntime.js:642:23)\r"}}
[info] >      at listOnTimeout (internal/timers.js:554:17) {"user":"    at listOnTimeout (internal/timers.js:554:17)\r","metadata":{"emulator":{"name":"functions"},"function":{"name":"api"},"message":"\u001b[90m> \u001b[39m     at listOnTimeout (internal/timers.js:554:17)\r"}}
[info] >      at processTimers (internal/timers.js:497:7) {"user":"    at processTimers (internal/timers.js:497:7)\r","metadata":{"emulator":{"name":"functions"},"function":{"name":"api"},"message":"\u001b[90m> \u001b[39m     at processTimers (internal/timers.js:497:7)\r"}}
[debug] [2020-10-07T20:12:51.124Z] [worker-api-08d4a2d6-3e83-49b1-8b37-b92906d56b66]: exited {"metadata":{"emulator":{"name":"functions"},"message":"[worker-api-08d4a2d6-3e83-49b1-8b37-b92906d56b66]: exited"}}
[debug] [2020-10-07T20:12:51.125Z] [worker-api-08d4a2d6-3e83-49b1-8b37-b92906d56b66]: FINISHED {"metadata":{"emulator":{"name":"functions"},"message":"[worker-api-08d4a2d6-3e83-49b1-8b37-b92906d56b66]: FINISHED"}}
[debug] [2020-10-07T20:12:51.125Z] [work-queue] {"queueLength":0,"workRunningCount":0}
[debug] [2020-10-07T21:03:12.988Z] [work-queue] {"queueLength":1,"workRunningCount":0}
[debug] [2020-10-07T21:03:12.988Z] [work-queue] {"queueLength":0,"workRunningCount":1}
[debug] [2020-10-07T21:03:12.989Z] Accepted request POST /challenge-aca94/us-central1/api/payments/create?total=399996 --> api
[debug] [2020-10-07T21:03:12.989Z] [worker-pool] Cleaned up workers for api: 1 --> 0 {"metadata":{"emulator":{"name":"functions"},"message":"[worker-pool] Cleaned up workers for api: 1 --> 0"}}
[debug] [2020-10-07T21:03:12.994Z] [worker-pool] addWorker(api) {"metadata":{"emulator":{"name":"functions"},"message":"[worker-pool] addWorker(api)"}}
[debug] [2020-10-07T21:03:12.994Z] [worker-pool] Adding worker with key api, total=1 {"metadata":{"emulator":{"name":"functions"},"message":"[worker-pool] Adding worker with key api, total=1"}}
[debug] [2020-10-07T21:03:12.994Z] [worker-pool] submitWork(triggerId=api) {"metadata":{"emulator":{"name":"functions"},"message":"[worker-pool] submitWork(triggerId=api)"}}
[debug] [2020-10-07T21:03:12.994Z] [worker-api-0417c9bf-7e11-4aaf-933d-44f754c8d81a]: Assigning socketPath: \\?\pipe\C:\Users\parag\Desktop\amazon-clone\functions\4060 {"metadata":{"emulator":{"name":"functions"},"message":"[worker-api-0417c9bf-7e11-4aaf-933d-44f754c8d81a]: Assigning socketPath: \\\\?\\pipe\\C:\\Users\\parag\\Desktop\\amazon-clone\\functions\\4060"}}
[debug] [2020-10-07T21:03:12.995Z] [worker-api-0417c9bf-7e11-4aaf-933d-44f754c8d81a]: BUSY {"metadata":{"emulator":{"name":"functions"},"message":"[worker-api-0417c9bf-7e11-4aaf-933d-44f754c8d81a]: BUSY"}}
[debug] [2020-10-07T21:03:13.288Z] [runtime-status] [4060] Functions runtime initialized. {"cwd":"C:\\Users\\parag\\Desktop\\amazon-clone\\functions","node_version":"14.9.0"} {"metadata":{"emulator":{"name":"functions"},"function":{"name":"api"},"message":"[runtime-status] [4060] Functions runtime initialized. {\"cwd\":\"C:\\\\Users\\\\parag\\\\Desktop\\\\amazon-clone\\\\functions\",\"node_version\":\"14.9.0\"}"}}
[debug] [2020-10-07T21:03:13.290Z] [runtime-status] [4060] Disabled runtime features: undefined {"metadata":{"emulator":{"name":"functions"},"function":{"name":"api"},"message":"[runtime-status] [4060] Disabled runtime features: undefined"}}
[debug] [2020-10-07T21:03:13.298Z] [runtime-status] [4060] Resolved module firebase-admin {"declared":true,"installed":true,"version":"8.13.0","resolution":"C:\\Users\\parag\\Desktop\\amazon-clone\\functions\\node_modules\\firebase-admin\\lib\\index.js"} {"metadata":{"emulator":{"name":"functions"},"function":{"name":"api"},"message":"[runtime-status] [4060] Resolved module firebase-admin {\"declared\":true,\"installed\":true,\"version\":\"8.13.0\",\"resolution\":\"C:\\\\Users\\\\parag\\\\Desktop\\\\amazon-clone\\\\functions\\\\node_modules\\\\firebase-admin\\\\lib\\\\index.js\"}"}}
[debug] [2020-10-07T21:03:13.298Z] [runtime-status] [4060] Resolved module firebase-functions {"declared":true,"installed":true,"version":"3.11.0","resolution":"C:\\Users\\parag\\Desktop\\amazon-clone\\functions\\node_modules\\firebase-functions\\lib\\index.js"} {"metadata":{"emulator":{"name":"functions"},"function":{"name":"api"},"message":"[runtime-status] [4060] Resolved module firebase-functions {\"declared\":true,\"installed\":true,\"version\":\"3.11.0\",\"resolution\":\"C:\\\\Users\\\\parag\\\\Desktop\\\\amazon-clone\\\\functions\\\\node_modules\\\\firebase-functions\\\\lib\\\\index.js\"}"}}
[debug] [2020-10-07T21:03:13.298Z] [runtime-status] [4060] Resolved module firebase-functions {"declared":true,"installed":true,"version":"3.11.0","resolution":"C:\\Users\\parag\\Desktop\\amazon-clone\\functions\\node_modules\\firebase-functions\\lib\\index.js"} {"metadata":{"emulator":{"name":"functions"},"function":{"name":"api"},"message":"[runtime-status] [4060] Resolved module firebase-functions {\"declared\":true,\"installed\":true,\"version\":\"3.11.0\",\"resolution\":\"C:\\\\Users\\\\parag\\\\Desktop\\\\amazon-clone\\\\functions\\\\node_modules\\\\firebase-functions\\\\lib\\\\index.js\"}"}}
[debug] [2020-10-07T21:03:13.298Z] [runtime-status] [4060] Outgoing network have been stubbed. [{"name":"http","status":"mocked"},{"name":"http","status":"mocked"},{"name":"https","status":"mocked"},{"name":"https","status":"mocked"},{"name":"net","status":"mocked"}] {"metadata":{"emulator":{"name":"functions"},"function":{"name":"api"},"message":"[runtime-status] [4060] Outgoing network have been stubbed. [{\"name\":\"http\",\"status\":\"mocked\"},{\"name\":\"http\",\"status\":\"mocked\"},{\"name\":\"https\",\"status\":\"mocked\"},{\"name\":\"https\",\"status\":\"mocked\"},{\"name\":\"net\",\"status\":\"mocked\"}]"}}
[debug] [2020-10-07T21:03:13.298Z] [runtime-status] [4060] Resolved module firebase-functions {"declared":true,"installed":true,"version":"3.11.0","resolution":"C:\\Users\\parag\\Desktop\\amazon-clone\\functions\\node_modules\\firebase-functions\\lib\\index.js"} {"metadata":{"emulator":{"name":"functions"},"function":{"name":"api"},"message":"[runtime-status] [4060] Resolved module firebase-functions {\"declared\":true,\"installed\":true,\"version\":\"3.11.0\",\"resolution\":\"C:\\\\Users\\\\parag\\\\Desktop\\\\amazon-clone\\\\functions\\\\node_modules\\\\firebase-functions\\\\lib\\\\index.js\"}"}}
[debug] [2020-10-07T21:03:13.333Z] [runtime-status] [4060] Checked functions.config() {"config":{}} {"metadata":{"emulator":{"name":"functions"},"function":{"name":"api"},"message":"[runtime-status] [4060] Checked functions.config() {\"config\":{}}"}}
[debug] [2020-10-07T21:03:13.334Z] [runtime-status] [4060] firebase-functions has been stubbed. {"functionsResolution":{"declared":true,"installed":true,"version":"3.11.0","resolution":"C:\\Users\\parag\\Desktop\\amazon-clone\\functions\\node_modules\\firebase-functions\\lib\\index.js"}} {"metadata":{"emulator":{"name":"functions"},"function":{"name":"api"},"message":"[runtime-status] [4060] firebase-functions has been stubbed. {\"functionsResolution\":{\"declared\":true,\"installed\":true,\"version\":\"3.11.0\",\"resolution\":\"C:\\\\Users\\\\parag\\\\Desktop\\\\amazon-clone\\\\functions\\\\node_modules\\\\firebase-functions\\\\lib\\\\index.js\"}}"}}
[debug] [2020-10-07T21:03:13.334Z] [runtime-status] [4060] Resolved module firebase-functions {"declared":true,"installed":true,"version":"3.11.0","resolution":"C:\\Users\\parag\\Desktop\\amazon-clone\\functions\\node_modules\\firebase-functions\\lib\\index.js"} {"metadata":{"emulator":{"name":"functions"},"function":{"name":"api"},"message":"[runtime-status] [4060] Resolved module firebase-functions {\"declared\":true,\"installed\":true,\"version\":\"3.11.0\",\"resolution\":\"C:\\\\Users\\\\parag\\\\Desktop\\\\amazon-clone\\\\functions\\\\node_modules\\\\firebase-functions\\\\lib\\\\index.js\"}"}}
[debug] [2020-10-07T21:03:13.335Z] [runtime-status] [4060] Resolved module firebase-admin {"declared":true,"installed":true,"version":"8.13.0","resolution":"C:\\Users\\parag\\Desktop\\amazon-clone\\functions\\node_modules\\firebase-admin\\lib\\index.js"} {"metadata":{"emulator":{"name":"functions"},"function":{"name":"api"},"message":"[runtime-status] [4060] Resolved module firebase-admin {\"declared\":true,\"installed\":true,\"version\":\"8.13.0\",\"resolution\":\"C:\\\\Users\\\\parag\\\\Desktop\\\\amazon-clone\\\\functions\\\\node_modules\\\\firebase-admin\\\\lib\\\\index.js\"}"}}
[debug] [2020-10-07T21:03:13.335Z] [runtime-status] [4060] Resolved module firebase-functions {"declared":true,"installed":true,"version":"3.11.0","resolution":"C:\\Users\\parag\\Desktop\\amazon-clone\\functions\\node_modules\\firebase-functions\\lib\\index.js"} {"metadata":{"emulator":{"name":"functions"},"function":{"name":"api"},"message":"[runtime-status] [4060] Resolved module firebase-functions {\"declared\":true,\"installed\":true,\"version\":\"3.11.0\",\"resolution\":\"C:\\\\Users\\\\parag\\\\Desktop\\\\amazon-clone\\\\functions\\\\node_modules\\\\firebase-functions\\\\lib\\\\index.js\"}"}}
[debug] [2020-10-07T21:03:13.335Z] [runtime-status] [4060] firebase-admin has been stubbed. {"adminResolution":{"declared":true,"installed":true,"version":"8.13.0","resolution":"C:\\Users\\parag\\Desktop\\amazon-clone\\functions\\node_modules\\firebase-admin\\lib\\index.js"}} {"metadata":{"emulator":{"name":"functions"},"function":{"name":"api"},"message":"[runtime-status] [4060] firebase-admin has been stubbed. {\"adminResolution\":{\"declared\":true,\"installed\":true,\"version\":\"8.13.0\",\"resolution\":\"C:\\\\Users\\\\parag\\\\Desktop\\\\amazon-clone\\\\functions\\\\node_modules\\\\firebase-admin\\\\lib\\\\index.js\"}}"}}
[debug] [2020-10-07T21:03:13.453Z] [runtime-status] [4060] Trigger "api" has been found, beginning invocation! {"metadata":{"emulator":{"name":"functions"},"function":{"name":"api"},"message":"[runtime-status] [4060] Trigger \"api\" has been found, beginning invocation!"}}
[info] i  functions: Beginning execution of "api" {"metadata":{"emulator":{"name":"functions"},"function":{"name":"api"},"message":"Beginning execution of \"api\""}}
[debug] [2020-10-07T21:03:13.453Z] [runtime-status] [4060] triggerDefinition {"httpsTrigger":{},"name":"api","entryPoint":"api"} {"metadata":{"emulator":{"name":"functions"},"function":{"name":"api"},"message":"[runtime-status] [4060] triggerDefinition {\"httpsTrigger\":{},\"name\":\"api\",\"entryPoint\":\"api\"}"}}
[debug] [2020-10-07T21:03:13.454Z] [runtime-status] [4060] Running api in mode HTTPS {"metadata":{"emulator":{"name":"functions"},"function":{"name":"api"},"message":"[runtime-status] [4060] Running api in mode HTTPS"}}
[debug] [2020-10-07T21:03:13.456Z] [runtime-status] [4060] Attempting to listen to socketPath: \\?\pipe\C:\Users\parag\Desktop\amazon-clone\functions\4060 {"metadata":{"emulator":{"name":"functions"},"function":{"name":"api"},"message":"[runtime-status] [4060] Attempting to listen to socketPath: \\\\?\\pipe\\C:\\Users\\parag\\Desktop\\amazon-clone\\functions\\4060"}}
[debug] [2020-10-07T21:03:13.457Z] [functions] Runtime ready! Sending request! {"metadata":{"emulator":{"name":"functions"},"message":"[functions] Runtime ready! Sending request!"}}
[debug] [2020-10-07T21:03:13.462Z] [runtime-status] [4060] Ephemeral server handling POST request {"metadata":{"emulator":{"name":"functions"},"function":{"name":"api"},"message":"[runtime-status] [4060] Ephemeral server handling POST request"}}
[info] >  Payment Request Received for >>>  399996 {"user":"Payment Request Received for >>>  399996","metadata":{"emulator":{"name":"functions"},"function":{"name":"api"},"message":"\u001b[90m> \u001b[39m Payment Request Received for >>>  399996"}}
[debug] [2020-10-07T21:03:13.469Z] [runtime-status] [4060] Ephemeral server survived. {"metadata":{"emulator":{"name":"functions"},"function":{"name":"api"},"message":"[runtime-status] [4060] Ephemeral server survived."}}
[info] i  functions: Finished "api" in ~1s {"metadata":{"emulator":{"name":"functions"},"function":{"name":"api"},"message":"Finished \"api\" in ~1s"}}
[debug] [2020-10-07T21:03:14.114Z] [worker-api-0417c9bf-7e11-4aaf-933d-44f754c8d81a]: IDLE {"metadata":{"emulator":{"name":"functions"},"message":"[worker-api-0417c9bf-7e11-4aaf-933d-44f754c8d81a]: IDLE"}}
[debug] [2020-10-07T21:03:14.114Z] [work-queue] {"queueLength":0,"workRunningCount":0}
[debug] [2020-10-07T21:03:23.981Z] [work-queue] {"queueLength":1,"workRunningCount":0}
[debug] [2020-10-07T21:03:23.981Z] [work-queue] {"queueLength":0,"workRunningCount":1}
[debug] [2020-10-07T21:03:23.981Z] Accepted request POST /challenge-aca94/us-central1/api/payments/create?total=0 --> api
[debug] [2020-10-07T21:03:23.981Z] [worker-pool] submitWork(triggerId=api) {"metadata":{"emulator":{"name":"functions"},"message":"[worker-pool] submitWork(triggerId=api)"}}
[debug] [2020-10-07T21:03:23.981Z] [worker-api-0417c9bf-7e11-4aaf-933d-44f754c8d81a]: Assigning socketPath: \\?\pipe\C:\Users\parag\Desktop\amazon-clone\functions\4060 {"metadata":{"emulator":{"name":"functions"},"message":"[worker-api-0417c9bf-7e11-4aaf-933d-44f754c8d81a]: Assigning socketPath: \\\\?\\pipe\\C:\\Users\\parag\\Desktop\\amazon-clone\\functions\\4060"}}
[debug] [2020-10-07T21:03:23.981Z] [worker-api-0417c9bf-7e11-4aaf-933d-44f754c8d81a]: BUSY {"metadata":{"emulator":{"name":"functions"},"message":"[worker-api-0417c9bf-7e11-4aaf-933d-44f754c8d81a]: BUSY"}}
[debug] [2020-10-07T21:03:23.982Z] [runtime-status] [4060] Trigger "api" has been found, beginning invocation! {"metadata":{"emulator":{"name":"functions"},"function":{"name":"api"},"message":"[runtime-status] [4060] Trigger \"api\" has been found, beginning invocation!"}}
[info] i  functions: Beginning execution of "api" {"metadata":{"emulator":{"name":"functions"},"function":{"name":"api"},"message":"Beginning execution of \"api\""}}
[debug] [2020-10-07T21:03:23.983Z] [runtime-status] [4060] triggerDefinition {"httpsTrigger":{},"name":"api","entryPoint":"api"} {"metadata":{"emulator":{"name":"functions"},"function":{"name":"api"},"message":"[runtime-status] [4060] triggerDefinition {\"httpsTrigger\":{},\"name\":\"api\",\"entryPoint\":\"api\"}"}}
[debug] [2020-10-07T21:03:23.983Z] [runtime-status] [4060] Running api in mode HTTPS {"metadata":{"emulator":{"name":"functions"},"function":{"name":"api"},"message":"[runtime-status] [4060] Running api in mode HTTPS"}}
[debug] [2020-10-07T21:03:23.983Z] [runtime-status] [4060] Attempting to listen to socketPath: \\?\pipe\C:\Users\parag\Desktop\amazon-clone\functions\4060 {"metadata":{"emulator":{"name":"functions"},"function":{"name":"api"},"message":"[runtime-status] [4060] Attempting to listen to socketPath: \\\\?\\pipe\\C:\\Users\\parag\\Desktop\\amazon-clone\\functions\\4060"}}
[debug] [2020-10-07T21:03:23.984Z] [functions] Runtime ready! Sending request! {"metadata":{"emulator":{"name":"functions"},"message":"[functions] Runtime ready! Sending request!"}}
[debug] [2020-10-07T21:03:23.986Z] [runtime-status] [4060] Ephemeral server handling POST request {"metadata":{"emulator":{"name":"functions"},"function":{"name":"api"},"message":"[runtime-status] [4060] Ephemeral server handling POST request"}}
[info] >  Payment Request Received for >>>  0 {"user":"Payment Request Received for >>>  0","metadata":{"emulator":{"name":"functions"},"function":{"name":"api"},"message":"\u001b[90m> \u001b[39m Payment Request Received for >>>  0"}}
[debug] [2020-10-07T21:03:23.988Z] [runtime-status] [4060] Ephemeral server survived. {"metadata":{"emulator":{"name":"functions"},"function":{"name":"api"},"message":"[runtime-status] [4060] Ephemeral server survived."}}
[info] >  (node:4060) UnhandledPromiseRejectionWarning: Error: This value must be greater than or equal to 1. {"user":"(node:4060) UnhandledPromiseRejectionWarning: Error: This value must be greater than or equal to 1.","metadata":{"emulator":{"name":"functions"},"function":{"name":"api"},"message":"\u001b[90m> \u001b[39m (node:4060) UnhandledPromiseRejectionWarning: Error: This value must be greater than or equal to 1."}}
[info] >      at Function.generate (C:\Users\parag\Desktop\amazon-clone\functions\node_modules\stripe\lib\Error.js:39:16) {"user":"    at Function.generate (C:\\Users\\parag\\Desktop\\amazon-clone\\functions\\node_modules\\stripe\\lib\\Error.js:39:16)","metadata":{"emulator":{"name":"functions"},"function":{"name":"api"},"message":"\u001b[90m> \u001b[39m     at Function.generate (C:\\Users\\parag\\Desktop\\amazon-clone\\functions\\node_modules\\stripe\\lib\\Error.js:39:16)"}}
[info] >      at IncomingMessage.<anonymous> (C:\Users\parag\Desktop\amazon-clone\functions\node_modules\stripe\lib\StripeResource.js:190:33) {"user":"    at IncomingMessage.<anonymous> (C:\\Users\\parag\\Desktop\\amazon-clone\\functions\\node_modules\\stripe\\lib\\StripeResource.js:190:33)","metadata":{"emulator":{"name":"functions"},"function":{"name":"api"},"message":"\u001b[90m> \u001b[39m     at IncomingMessage.<anonymous> (C:\\Users\\parag\\Desktop\\amazon-clone\\functions\\node_modules\\stripe\\lib\\StripeResource.js:190:33)"}}
[info] >      at Object.onceWrapper (events.js:420:28) {"user":"    at Object.onceWrapper (events.js:420:28)","metadata":{"emulator":{"name":"functions"},"function":{"name":"api"},"message":"\u001b[90m> \u001b[39m     at Object.onceWrapper (events.js:420:28)"}}
[info] >      at IncomingMessage.emit (events.js:326:22) {"user":"    at IncomingMessage.emit (events.js:326:22)","metadata":{"emulator":{"name":"functions"},"function":{"name":"api"},"message":"\u001b[90m> \u001b[39m     at IncomingMessage.emit (events.js:326:22)"}}
[info] >      at endReadableNT (_stream_readable.js:1244:12) {"user":"    at endReadableNT (_stream_readable.js:1244:12)","metadata":{"emulator":{"name":"functions"},"function":{"name":"api"},"message":"\u001b[90m> \u001b[39m     at endReadableNT (_stream_readable.js:1244:12)"}}
[info] >      at processTicksAndRejections (internal/process/task_queues.js:80:21) {"user":"    at processTicksAndRejections (internal/process/task_queues.js:80:21)","metadata":{"emulator":{"name":"functions"},"function":{"name":"api"},"message":"\u001b[90m> \u001b[39m     at processTicksAndRejections (internal/process/task_queues.js:80:21)"}}
[info] >  (Use `node --trace-warnings ...` to show where the warning was created) {"user":"(Use `node --trace-warnings ...` to show where the warning was created)","metadata":{"emulator":{"name":"functions"},"function":{"name":"api"},"message":"\u001b[90m> \u001b[39m (Use `node --trace-warnings ...` to show where the warning was created)"}}
[info] >  (node:4060) UnhandledPromiseRejectionWarning: Unhandled promise rejection. This error originated either by throwing inside of an async function without a catch block, or by rejecting a promise which was not handled with .catch(). To terminate the node process on unhandled promise rejection, use the CLI flag `--unhandled-rejections=strict` (see https://nodejs.org/api/cli.html#cli_unhandled_rejections_mode). (rejection id: 1) {"user":"(node:4060) UnhandledPromiseRejectionWarning: Unhandled promise rejection. This error originated either by throwing inside of an async function without a catch block, or by rejecting a promise which was not handled with .catch(). To terminate the node process on unhandled promise rejection, use the CLI flag `--unhandled-rejections=strict` (see https://nodejs.org/api/cli.html#cli_unhandled_rejections_mode). (rejection id: 1)","metadata":{"emulator":{"name":"functions"},"function":{"name":"api"},"message":"\u001b[90m> \u001b[39m (node:4060) UnhandledPromiseRejectionWarning: Unhandled promise rejection. This error originated either by throwing inside of an async function without a catch block, or by rejecting a promise which was not handled with .catch(). To terminate the node process on unhandled promise rejection, use the CLI flag `--unhandled-rejections=strict` (see https://nodejs.org/api/cli.html#cli_unhandled_rejections_mode). (rejection id: 1)"}}
[info] >  (node:4060) [DEP0018] DeprecationWarning: Unhandled promise rejections are deprecated. In the future, promise rejections that are not handled will terminate the Node.js process with a non-zero exit code. {"user":"(node:4060) [DEP0018] DeprecationWarning: Unhandled promise rejections are deprecated. In the future, promise rejections that are not handled will terminate the Node.js process with a non-zero exit code.","metadata":{"emulator":{"name":"functions"},"function":{"name":"api"},"message":"\u001b[90m> \u001b[39m (node:4060) [DEP0018] DeprecationWarning: Unhandled promise rejections are deprecated. In the future, promise rejections that are not handled will terminate the Node.js process with a non-zero exit code."}}
[warn] !  functions: Your function timed out after ~60s. To configure this timeout, see
      https://firebase.google.com/docs/functions/manage-functions#set_timeout_and_memory_allocation. {"metadata":{"emulator":{"name":"functions"},"function":{"name":"api"},"message":"Your function timed out after ~60s. To configure this timeout, see\n      https://firebase.google.com/docs/functions/manage-functions#set_timeout_and_memory_allocation."}}
[info] >  C:\Users\parag\AppData\Roaming\npm\node_modules\firebase-tools\lib\emulator\functionsEmulatorRuntime.js:642 {"user":"C:\\Users\\parag\\AppData\\Roaming\\npm\\node_modules\\firebase-tools\\lib\\emulator\\functionsEmulatorRuntime.js:642\r","metadata":{"emulator":{"name":"functions"},"function":{"name":"api"},"message":"\u001b[90m> \u001b[39m C:\\Users\\parag\\AppData\\Roaming\\npm\\node_modules\\firebase-tools\\lib\\emulator\\functionsEmulatorRuntime.js:642\r"}}
[info] >                  throw new Error("Function timed out."); {"user":"                throw new Error(\"Function timed out.\");\r","metadata":{"emulator":{"name":"functions"},"function":{"name":"api"},"message":"\u001b[90m> \u001b[39m                 throw new Error(\"Function timed out.\");\r"}}
[info] >                  ^ {"user":"                ^\r","metadata":{"emulator":{"name":"functions"},"function":{"name":"api"},"message":"\u001b[90m> \u001b[39m                 ^\r"}}
[info] >   {"user":"\r","metadata":{"emulator":{"name":"functions"},"function":{"name":"api"},"message":"\u001b[90m> \u001b[39m \r"}}
[info] >  Error: Function timed out. {"user":"Error: Function timed out.\r","metadata":{"emulator":{"name":"functions"},"function":{"name":"api"},"message":"\u001b[90m> \u001b[39m Error: Function timed out.\r"}}
[info] >      at Timeout._onTimeout (C:\Users\parag\AppData\Roaming\npm\node_modules\firebase-tools\lib\emulator\functionsEmulatorRuntime.js:642:23) {"user":"    at Timeout._onTimeout (C:\\Users\\parag\\AppData\\Roaming\\npm\\node_modules\\firebase-tools\\lib\\emulator\\functionsEmulatorRuntime.js:642:23)\r","metadata":{"emulator":{"name":"functions"},"function":{"name":"api"},"message":"\u001b[90m> \u001b[39m     at Timeout._onTimeout (C:\\Users\\parag\\AppData\\Roaming\\npm\\node_modules\\firebase-tools\\lib\\emulator\\functionsEmulatorRuntime.js:642:23)\r"}}
[info] >      at listOnTimeout (internal/timers.js:554:17) {"user":"    at listOnTimeout (internal/timers.js:554:17)\r","metadata":{"emulator":{"name":"functions"},"function":{"name":"api"},"message":"\u001b[90m> \u001b[39m     at listOnTimeout (internal/timers.js:554:17)\r"}}
[info] >      at processTimers (internal/timers.js:497:7) {"user":"    at processTimers (internal/timers.js:497:7)\r","metadata":{"emulator":{"name":"functions"},"function":{"name":"api"},"message":"\u001b[90m> \u001b[39m     at processTimers (internal/timers.js:497:7)\r"}}
[debug] [2020-10-07T21:04:24.007Z] [worker-api-0417c9bf-7e11-4aaf-933d-44f754c8d81a]: exited {"metadata":{"emulator":{"name":"functions"},"message":"[worker-api-0417c9bf-7e11-4aaf-933d-44f754c8d81a]: exited"}}
[debug] [2020-10-07T21:04:24.007Z] [worker-api-0417c9bf-7e11-4aaf-933d-44f754c8d81a]: FINISHED {"metadata":{"emulator":{"name":"functions"},"message":"[worker-api-0417c9bf-7e11-4aaf-933d-44f754c8d81a]: FINISHED"}}
[debug] [2020-10-07T21:04:24.007Z] [work-queue] {"queueLength":0,"workRunningCount":0}
[debug] [2020-10-07T21:40:02.641Z] Received signal SIGHUP 1
